#I  A>> singular> matrix homalg_variable_m[600][1]; homalg_variable_s="["; for(int i=1;i<=546;i++) {homalg_variable_m=homalg_variable_2576[1..600,i]; if(i!=1){homalg_variable_s=homalg_variable_s+",";}; homalg_variable_s=homalg_variable_s+"["+string(homalg_variable_m)+"]";}; homalg_variable_s=homalg_variable_s+"]"; write("w: /tmp/gaptempdirAaFxIE/homalg_variable_2576_PID_4143363",homalg_variable_s); kill homalg_variable_m; homalg_variable_s="";
#I  A<< julia> homalg_variable_s=read("/tmp/gaptempdirAaFxIE/homalg_variable_2576_PID_4143363", String); homalg_variable_r=[]; for i = split(homalg_variable_s, r"[\[,\]\n\r]+"); if length(i)>0; push!(homalg_variable_r, eval(Meta.parse(replace(i, "/" => "//")))); end; end; homalg_variable_16=Involution(MatrixForHomalg(homalg_variable_5,546,600, homalg_variable_r)); homalg_variable_s=""; homalg_variable_r="";0
#I  BUSY> RowEchelonForm 546 x 600 : Z(d,s,a1,a2,a3,a4,a5)
#I  ref julia> homalg_variable_17 = RowEchelonForm(homalg_variable_16; ignore = 0);0
#I  0== julia> ZeroRows(homalg_variable_17)
#I  /------------------
#I  <julia "[]"
#I  \==================
#I  #== julia> ncols(homalg_variable_17)
#I  /------------------
#I  <julia "439"
#I  \==================
#I  <DONE RowEchelonForm 439     in  0:00:00.007 h
#I  ||| julia> homalg_variable_18 = CertainColumns(homalg_variable_17, 1:526);0
#I  0== julia> ZeroRows(homalg_variable_18)
#I  /------------------
#I  <julia "[407,408,409,410,411,412,413,414,415,416,417,418,419,420,421,422,423,424,425,426,427,428,429,430,431,432,433,434,435,436,437,438,439]"
#I  \==================
#I  === julia> homalg_variable_19 = CertainRows(homalg_variable_17, 407:439);0
#I  ||| julia> homalg_variable_20 = CertainColumns(homalg_variable_19, 596:600);0
#I  0== julia> ZeroRows(homalg_variable_20)
#I  /------------------
#I  <julia "[1,2,3,4,5,6,7,8,9,10,11,12,13,14,15,16,17,18,19,20,21,22,23,24,25,28]"
#I  \==================
#I  ||| julia> homalg_variable_21 = CertainColumns(homalg_variable_19, 527:600);0
#I  === julia> homalg_variable_22 = CertainRows(homalg_variable_21, [ 26, 27, 29, 30, 31, 32, 33 ]);0
#I  0|| julia> ZeroColumns(homalg_variable_22)
#I  /------------------
#I  <julia "[1,2,3,4,5,6,7,8,9,10,11,12,13,14,15,16,17,18,19,20,21,22,23,24,25,26,27,28,29,30,31,32,33,34,35,36,37,38,39,40,41,42,43,44,45,46,47,48,49,50,51,52,53,54,55,56,57,58,59,60,61]"
#I  \==================
[ <A non-zero 7 x 13 matrix over an external ring>, [ D1_, D2_, D3_, D4_, D5_, 1, D5, D4, D3, D2, D1, D5^2, D4*D5 ] ]
